[2025-05-30 18:18:25] User: SYSTEM | Action: BOT_START | Details: 
[2025-05-30 18:19:02] User: 7073749415 | Action: STATUS_CHECK | Details: 
[2025-05-30 18:19:11] User: 7073749415 | Action: MANUAL_BACKUP | Details: backups/manual_20250530_181911
[2025-05-30 18:35:06] User: SYSTEM | Action: BOT_START | Details: 
[2025-05-30 18:37:44] User: SYSTEM | Action: BOT_START | Details: 
[2025-05-30 18:38:42] User: 7073749415 | Action: CHATAI_START | Details: 
[2025-05-30 18:51:21] User: SYSTEM | Action: BOT_START | Details: 
[2025-05-30 18:55:48] User: 7073749415 | Action: SYSTEM_INFO | Details: 
[2025-05-30 18:57:42] User: 7073749415 | Action: STATUS_CHECK | Details: 
[2025-05-30 19:05:54] User: SYSTEM | Action: BOT_START | Details: 
[2025-05-30 19:06:30] User: SYSTEM | Action: BOT_START | Details: 
[2025-05-30 19:06:32] User: 7073749415 | Action: CHATAI_START | Details: 
[2025-05-30 19:06:46] User: 7073749415 | Action: CHATAI_START | Details: 
[2025-05-30 19:10:59] User: SYSTEM | Action: BOT_START | Details: 
[2025-05-30 19:11:16] User: 7073749415 | Action: CHATAI_START | Details: 
[2025-05-30 19:15:09] User: SYSTEM | Action: BOT_START | Details: 
[2025-05-30 19:15:16] User: SYSTEM | Action: BOT_START | Details: 
[2025-05-30 19:15:23] User: 7073749415 | Action: CHATAI_START | Details: 
[2025-05-30 19:19:07] User: SYSTEM | Action: BOT_START | Details: 
[2025-05-30 19:19:18] User: 7073749415 | Action: CHATAI_START | Details: 
[2025-05-30 19:21:52] User: SYSTEM | Action: BOT_START | Details: 
[2025-05-30 19:22:00] User: 7073749415 | Action: CHATAI_START | Details: 
[2025-05-30 19:23:38] User: SYSTEM | Action: BOT_START | Details: 
[2025-05-30 19:23:43] User: 7073749415 | Action: CHATAI_START | Details: 
[2025-05-30 19:49:53] User: SYSTEM | Action: BOT_START | Details: 
[2025-05-30 20:02:41] User: SYSTEM | Action: BOT_START | Details: 
[2025-05-30 20:02:58] User: 7073749415 | Action: CHATAI_START | Details: 
[2025-05-30 20:05:31] User: SYSTEM | Action: BOT_START | Details: 
[2025-05-30 20:05:58] User: 7073749415 | Action: CHATAI_START | Details: 
[2025-05-30 23:44:52] User: SYSTEM | Action: BOT_START | Details: 
[2025-05-30 23:45:36] User: 7073749415 | Action: CHATAI_START | Details: 
[2025-05-30 23:54:14] User: SYSTEM | Action: BOT_START | Details: 
[2025-05-30 23:54:31] User: 7073749415 | Action: CHATAI_START | Details: 
